{"/Users/thomasdias/Desktop/kata-roman/kataArabicToRomanNumber.js": {"path":"/Users/thomasdias/Desktop/kata-roman/kataArabicToRomanNumber.js","statementMap":{"0":{"start":{"line":2,"column":24},"end":{"line":2,"column":76}},"1":{"start":{"line":4,"column":17},"end":{"line":4,"column":37}},"2":{"start":{"line":5,"column":4},"end":{"line":5,"column":32}},"3":{"start":{"line":8,"column":0},"end":{"line":10,"column":1}}},"fnMap":{"0":{"name":"convertArabicNumberToRomanNumber","decl":{"start":{"line":1,"column":10},"end":{"line":1,"column":42}},"loc":{"start":{"line":1,"column":50},"end":{"line":6,"column":1}},"line":1}},"branchMap":{},"s":{"0":6,"1":6,"2":6,"3":1},"f":{"0":6},"b":{},"_coverageSchema":"1a1c01bbd47fc00a2c39e90264f33305004495a9","hash":"d34c1a854f405d8c0801219a65a478bb1b3fa22b"}
}
